[2024-05-31 11:47:48,409] WARN [RaftManager nodeId=3] Connection to node 1 (localhost/127.0.0.1:9073) could not be established. Broker may not be available. (org.apache.kafka.clients.NetworkClient)
[2024-05-31 11:47:48,524] WARN [RaftManager nodeId=3] Connection to node 1 (localhost/127.0.0.1:9073) could not be established. Broker may not be available. (org.apache.kafka.clients.NetworkClient)
[2024-05-31 11:47:48,743] WARN [RaftManager nodeId=3] Connection to node 1 (localhost/127.0.0.1:9073) could not be established. Broker may not be available. (org.apache.kafka.clients.NetworkClient)
[2024-05-31 11:47:49,103] WARN [RaftManager nodeId=3] Connection to node 1 (localhost/127.0.0.1:9073) could not be established. Broker may not be available. (org.apache.kafka.clients.NetworkClient)
[2024-05-31 11:47:49,624] WARN [RaftManager nodeId=3] Connection to node 1 (localhost/127.0.0.1:9073) could not be established. Broker may not be available. (org.apache.kafka.clients.NetworkClient)
[2024-05-31 11:47:50,211] WARN [RaftManager nodeId=3] Connection to node 1 (localhost/127.0.0.1:9073) could not be established. Broker may not be available. (org.apache.kafka.clients.NetworkClient)
[2024-05-31 11:47:50,288] INFO [RaftManager nodeId=3] Become candidate due to fetch timeout (org.apache.kafka.raft.KafkaRaftClient)
[2024-05-31 11:47:50,296] INFO [RaftManager nodeId=3] Completed transition to CandidateState(localId=3, epoch=40, retries=1, electionTimeoutMs=1833) (org.apache.kafka.raft.QuorumState)
[2024-05-31 11:47:50,304] INFO [RaftManager nodeId=3] Completed transition to Unattached(epoch=41, voters=[1, 2, 3], electionTimeoutMs=1822) (org.apache.kafka.raft.QuorumState)
[2024-05-31 11:47:52,131] INFO [RaftManager nodeId=3] Completed transition to CandidateState(localId=3, epoch=42, retries=1, electionTimeoutMs=1020) (org.apache.kafka.raft.QuorumState)
[2024-05-31 11:47:52,133] WARN [RaftManager nodeId=3] Connection to node 1 (localhost/127.0.0.1:9073) could not be established. Broker may not be available. (org.apache.kafka.clients.NetworkClient)
[2024-05-31 11:47:52,150] INFO [RaftManager nodeId=3] Completed transition to Leader(localId=3, epoch=42, epochStartOffset=63, highWatermark=Optional.empty, voterStates={1=ReplicaState(nodeId=1, endOffset=Optional.empty, lastFetchTimestamp=OptionalLong.empty, hasAcknowledgedLeader=false), 2=ReplicaState(nodeId=2, endOffset=Optional.empty, lastFetchTimestamp=OptionalLong.empty, hasAcknowledgedLeader=false), 3=ReplicaState(nodeId=3, endOffset=Optional.empty, lastFetchTimestamp=OptionalLong.empty, hasAcknowledgedLeader=true)}) (org.apache.kafka.raft.QuorumState)
[2024-05-31 11:47:52,151] INFO [Controller 3] Becoming the active controller at epoch 42, committed offset 62 and committed epoch 39. (org.apache.kafka.controller.QuorumController)
[2024-05-31 11:47:52,749] WARN [RaftManager nodeId=3] Connection to node 1 (localhost/127.0.0.1:9073) could not be established. Broker may not be available. (org.apache.kafka.clients.NetworkClient)
[2024-05-31 11:47:52,918] INFO Terminating process due to signal SIGINT (org.apache.kafka.common.utils.LoggingSignalHandler)
[2024-05-31 11:47:52,923] INFO [kafka-raft-io-thread]: Shutting down (kafka.raft.KafkaRaftManager$RaftIoThread)
[2024-05-31 11:47:52,923] INFO [RaftManager nodeId=3] Beginning graceful shutdown (org.apache.kafka.raft.KafkaRaftClient)
[2024-05-31 11:47:52,925] INFO [RaftManager nodeId=3] Completed transition to ResignedState(localId=3, epoch=42, voters=[1, 2, 3], electionTimeoutMs=1813, unackedVoters=[1, 2], preferredSuccessors=[1, 2]) (org.apache.kafka.raft.QuorumState)
[2024-05-31 11:47:52,927] WARN [RaftManager nodeId=3] Connection to node 2 (localhost/127.0.0.1:9083) could not be established. Broker may not be available. (org.apache.kafka.clients.NetworkClient)
[2024-05-31 11:47:53,069] WARN [RaftManager nodeId=3] Connection to node 2 (localhost/127.0.0.1:9083) could not be established. Broker may not be available. (org.apache.kafka.clients.NetworkClient)
[2024-05-31 11:47:53,211] WARN [RaftManager nodeId=3] Connection to node 1 (localhost/127.0.0.1:9073) could not be established. Broker may not be available. (org.apache.kafka.clients.NetworkClient)
[2024-05-31 11:47:53,308] WARN [RaftManager nodeId=3] Connection to node 2 (localhost/127.0.0.1:9083) could not be established. Broker may not be available. (org.apache.kafka.clients.NetworkClient)
[2024-05-31 11:47:53,701] WARN [RaftManager nodeId=3] Connection to node 1 (localhost/127.0.0.1:9073) could not be established. Broker may not be available. (org.apache.kafka.clients.NetworkClient)
[2024-05-31 11:47:53,701] WARN [RaftManager nodeId=3] Connection to node 2 (localhost/127.0.0.1:9083) could not be established. Broker may not be available. (org.apache.kafka.clients.NetworkClient)
[2024-05-31 11:47:54,156] WARN [RaftManager nodeId=3] Connection to node 1 (localhost/127.0.0.1:9073) could not be established. Broker may not be available. (org.apache.kafka.clients.NetworkClient)
[2024-05-31 11:47:54,157] WARN [RaftManager nodeId=3] Connection to node 2 (localhost/127.0.0.1:9083) could not be established. Broker may not be available. (org.apache.kafka.clients.NetworkClient)
[2024-05-31 11:47:54,652] WARN [RaftManager nodeId=3] Connection to node 1 (localhost/127.0.0.1:9073) could not be established. Broker may not be available. (org.apache.kafka.clients.NetworkClient)
[2024-05-31 11:47:54,746] WARN [RaftManager nodeId=3] Connection to node 2 (localhost/127.0.0.1:9083) could not be established. Broker may not be available. (org.apache.kafka.clients.NetworkClient)
[2024-05-31 11:47:55,156] WARN [RaftManager nodeId=3] Connection to node 1 (localhost/127.0.0.1:9073) could not be established. Broker may not be available. (org.apache.kafka.clients.NetworkClient)
[2024-05-31 11:47:55,326] WARN [RaftManager nodeId=3] Connection to node 2 (localhost/127.0.0.1:9083) could not be established. Broker may not be available. (org.apache.kafka.clients.NetworkClient)
[2024-05-31 11:47:55,617] WARN [RaftManager nodeId=3] Connection to node 1 (localhost/127.0.0.1:9073) could not be established. Broker may not be available. (org.apache.kafka.clients.NetworkClient)
[2024-05-31 11:47:55,869] WARN [RaftManager nodeId=3] Connection to node 2 (localhost/127.0.0.1:9083) could not be established. Broker may not be available. (org.apache.kafka.clients.NetworkClient)
[2024-05-31 11:47:56,213] WARN [RaftManager nodeId=3] Connection to node 1 (localhost/127.0.0.1:9073) could not be established. Broker may not be available. (org.apache.kafka.clients.NetworkClient)
[2024-05-31 11:47:56,420] WARN [RaftManager nodeId=3] Connection to node 2 (localhost/127.0.0.1:9083) could not be established. Broker may not be available. (org.apache.kafka.clients.NetworkClient)
[2024-05-31 11:47:56,711] WARN [RaftManager nodeId=3] Connection to node 1 (localhost/127.0.0.1:9073) could not be established. Broker may not be available. (org.apache.kafka.clients.NetworkClient)
[2024-05-31 11:47:56,962] WARN [RaftManager nodeId=3] Connection to node 2 (localhost/127.0.0.1:9083) could not be established. Broker may not be available. (org.apache.kafka.clients.NetworkClient)
[2024-05-31 11:47:57,315] WARN [RaftManager nodeId=3] Connection to node 1 (localhost/127.0.0.1:9073) could not be established. Broker may not be available. (org.apache.kafka.clients.NetworkClient)
[2024-05-31 11:47:57,404] WARN [RaftManager nodeId=3] Connection to node 2 (localhost/127.0.0.1:9083) could not be established. Broker may not be available. (org.apache.kafka.clients.NetworkClient)
[2024-05-31 11:47:57,837] WARN [RaftManager nodeId=3] Connection to node 1 (localhost/127.0.0.1:9073) could not be established. Broker may not be available. (org.apache.kafka.clients.NetworkClient)
[2024-05-31 11:47:57,925] WARN [RaftManager nodeId=3] Graceful shutdown timed out after 5000ms (org.apache.kafka.raft.KafkaRaftClient)
[2024-05-31 11:47:57,927] ERROR [kafka-raft-io-thread]: Graceful shutdown of RaftClient failed (kafka.raft.KafkaRaftManager$RaftIoThread)
java.util.concurrent.TimeoutException: Timeout expired before graceful shutdown completed
	at org.apache.kafka.raft.KafkaRaftClient$GracefulShutdown.failWithTimeout(KafkaRaftClient.java:2404)
	at org.apache.kafka.raft.KafkaRaftClient.maybeCompleteShutdown(KafkaRaftClient.java:2160)
	at org.apache.kafka.raft.KafkaRaftClient.poll(KafkaRaftClient.java:2227)
	at kafka.raft.KafkaRaftManager$RaftIoThread.doWork(RaftManager.scala:53)
	at kafka.utils.ShutdownableThread.run(ShutdownableThread.scala:96)
[2024-05-31 11:47:57,929] INFO [kafka-raft-io-thread]: Stopped (kafka.raft.KafkaRaftManager$RaftIoThread)
[2024-05-31 11:47:57,929] INFO [kafka-raft-io-thread]: Shutdown completed (kafka.raft.KafkaRaftManager$RaftIoThread)
[2024-05-31 11:47:57,931] INFO [kafka-raft-outbound-request-thread]: Shutting down (kafka.raft.RaftSendThread)
[2024-05-31 11:47:57,932] INFO [kafka-raft-outbound-request-thread]: Shutdown completed (kafka.raft.RaftSendThread)
[2024-05-31 11:47:57,932] INFO [kafka-raft-outbound-request-thread]: Stopped (kafka.raft.RaftSendThread)
[2024-05-31 11:47:57,941] INFO [ProducerStateManager partition=__cluster_metadata-0] Wrote producer snapshot at offset 64 with 0 producer ids in 5 ms. (kafka.log.ProducerStateManager)
[2024-05-31 11:47:57,946] INFO [ControllerServer id=3] shutting down (kafka.server.ControllerServer)
[2024-05-31 11:47:57,946] INFO [SocketServer listenerType=CONTROLLER, nodeId=3] Stopping socket server request processors (kafka.network.SocketServer)
[2024-05-31 11:47:57,949] INFO [SocketServer listenerType=CONTROLLER, nodeId=3] Stopped socket server request processors (kafka.network.SocketServer)
[2024-05-31 11:47:57,949] INFO [Controller 3] QuorumController#beginShutdown: shutting down event queue. (org.apache.kafka.queue.KafkaEventQueue)
[2024-05-31 11:47:57,949] INFO [SocketServer listenerType=CONTROLLER, nodeId=3] Shutting down socket server (kafka.network.SocketServer)
[2024-05-31 11:47:57,955] INFO [SocketServer listenerType=CONTROLLER, nodeId=3] Shutdown completed (kafka.network.SocketServer)
[2024-05-31 11:47:57,956] INFO [data-plane Kafka Request Handler on Broker 3], shutting down (kafka.server.KafkaRequestHandlerPool)
[2024-05-31 11:47:57,956] INFO [data-plane Kafka Request Handler on Broker 3], shut down completely (kafka.server.KafkaRequestHandlerPool)
[2024-05-31 11:47:57,956] INFO [ExpirationReaper-3-AlterAcls]: Shutting down (kafka.server.DelayedOperationPurgatory$ExpiredOperationReaper)
[2024-05-31 11:47:58,108] INFO [ExpirationReaper-3-AlterAcls]: Shutdown completed (kafka.server.DelayedOperationPurgatory$ExpiredOperationReaper)
[2024-05-31 11:47:58,108] INFO [ExpirationReaper-3-AlterAcls]: Stopped (kafka.server.DelayedOperationPurgatory$ExpiredOperationReaper)
[2024-05-31 11:47:58,109] INFO [ThrottledChannelReaper-Fetch]: Shutting down (kafka.server.ClientQuotaManager$ThrottledChannelReaper)
[2024-05-31 11:47:58,260] INFO [ThrottledChannelReaper-Fetch]: Stopped (kafka.server.ClientQuotaManager$ThrottledChannelReaper)
[2024-05-31 11:47:58,260] INFO [ThrottledChannelReaper-Fetch]: Shutdown completed (kafka.server.ClientQuotaManager$ThrottledChannelReaper)
[2024-05-31 11:47:58,260] INFO [ThrottledChannelReaper-Produce]: Shutting down (kafka.server.ClientQuotaManager$ThrottledChannelReaper)
[2024-05-31 11:47:58,716] INFO [ThrottledChannelReaper-Produce]: Stopped (kafka.server.ClientQuotaManager$ThrottledChannelReaper)
[2024-05-31 11:47:58,716] INFO [ThrottledChannelReaper-Produce]: Shutdown completed (kafka.server.ClientQuotaManager$ThrottledChannelReaper)
[2024-05-31 11:47:58,717] INFO [ThrottledChannelReaper-Request]: Shutting down (kafka.server.ClientQuotaManager$ThrottledChannelReaper)
[2024-05-31 11:47:58,746] INFO [ThrottledChannelReaper-Request]: Shutdown completed (kafka.server.ClientQuotaManager$ThrottledChannelReaper)
[2024-05-31 11:47:58,746] INFO [ThrottledChannelReaper-Request]: Stopped (kafka.server.ClientQuotaManager$ThrottledChannelReaper)
[2024-05-31 11:47:58,747] INFO [ThrottledChannelReaper-ControllerMutation]: Shutting down (kafka.server.ClientQuotaManager$ThrottledChannelReaper)
[2024-05-31 11:47:59,614] INFO [ThrottledChannelReaper-ControllerMutation]: Stopped (kafka.server.ClientQuotaManager$ThrottledChannelReaper)
[2024-05-31 11:47:59,614] INFO [ThrottledChannelReaper-ControllerMutation]: Shutdown completed (kafka.server.ClientQuotaManager$ThrottledChannelReaper)
[2024-05-31 11:47:59,615] INFO [Controller 3] closed event queue. (org.apache.kafka.queue.KafkaEventQueue)
[2024-05-31 11:47:59,615] INFO App info kafka.server for 3 unregistered (org.apache.kafka.common.utils.AppInfoParser)
[2024-05-31 11:54:54,744] INFO Registered kafka:type=kafka.Log4jController MBean (kafka.utils.Log4jControllerRegistration$)
[2024-05-31 11:54:54,787] ERROR Exiting Kafka due to fatal exception (kafka.Kafka$)
java.io.IOException: Is a directory
	at java.base/sun.nio.ch.UnixFileDispatcherImpl.read0(Native Method)
	at java.base/sun.nio.ch.UnixFileDispatcherImpl.read(UnixFileDispatcherImpl.java:51)
	at java.base/sun.nio.ch.IOUtil.readIntoNativeBuffer(IOUtil.java:340)
	at java.base/sun.nio.ch.IOUtil.read(IOUtil.java:306)
	at java.base/sun.nio.ch.IOUtil.read(IOUtil.java:283)
	at java.base/sun.nio.ch.FileChannelImpl.read(FileChannelImpl.java:234)
	at java.base/sun.nio.ch.ChannelInputStream.read(ChannelInputStream.java:74)
	at java.base/sun.nio.ch.ChannelInputStream.read(ChannelInputStream.java:103)
	at java.base/java.io.InputStream.read(InputStream.java:220)
	at java.base/java.util.Properties$LineReader.readLine(Properties.java:504)
	at java.base/java.util.Properties.load0(Properties.java:420)
	at java.base/java.util.Properties.load(Properties.java:409)
	at org.apache.kafka.common.utils.Utils.loadProps(Utils.java:667)
	at kafka.Kafka$.getPropsFromArgs(Kafka.scala:52)
	at kafka.Kafka$.main(Kafka.scala:86)
	at kafka.Kafka.main(Kafka.scala)
[2024-05-31 11:56:58,666] INFO Registered kafka:type=kafka.Log4jController MBean (kafka.utils.Log4jControllerRegistration$)
[2024-05-31 11:56:58,711] ERROR Exiting Kafka due to fatal exception (kafka.Kafka$)
java.io.IOException: Is a directory
	at java.base/sun.nio.ch.UnixFileDispatcherImpl.read0(Native Method)
	at java.base/sun.nio.ch.UnixFileDispatcherImpl.read(UnixFileDispatcherImpl.java:51)
	at java.base/sun.nio.ch.IOUtil.readIntoNativeBuffer(IOUtil.java:340)
	at java.base/sun.nio.ch.IOUtil.read(IOUtil.java:306)
	at java.base/sun.nio.ch.IOUtil.read(IOUtil.java:283)
	at java.base/sun.nio.ch.FileChannelImpl.read(FileChannelImpl.java:234)
	at java.base/sun.nio.ch.ChannelInputStream.read(ChannelInputStream.java:74)
	at java.base/sun.nio.ch.ChannelInputStream.read(ChannelInputStream.java:103)
	at java.base/java.io.InputStream.read(InputStream.java:220)
	at java.base/java.util.Properties$LineReader.readLine(Properties.java:504)
	at java.base/java.util.Properties.load0(Properties.java:420)
	at java.base/java.util.Properties.load(Properties.java:409)
	at org.apache.kafka.common.utils.Utils.loadProps(Utils.java:667)
	at kafka.Kafka$.getPropsFromArgs(Kafka.scala:52)
	at kafka.Kafka$.main(Kafka.scala:86)
	at kafka.Kafka.main(Kafka.scala)
[2024-05-31 11:58:14,087] INFO Registered kafka:type=kafka.Log4jController MBean (kafka.utils.Log4jControllerRegistration$)
[2024-05-31 11:58:14,133] ERROR Exiting Kafka due to fatal exception (kafka.Kafka$)
java.io.IOException: Is a directory
	at java.base/sun.nio.ch.UnixFileDispatcherImpl.read0(Native Method)
	at java.base/sun.nio.ch.UnixFileDispatcherImpl.read(UnixFileDispatcherImpl.java:51)
	at java.base/sun.nio.ch.IOUtil.readIntoNativeBuffer(IOUtil.java:340)
	at java.base/sun.nio.ch.IOUtil.read(IOUtil.java:306)
	at java.base/sun.nio.ch.IOUtil.read(IOUtil.java:283)
	at java.base/sun.nio.ch.FileChannelImpl.read(FileChannelImpl.java:234)
	at java.base/sun.nio.ch.ChannelInputStream.read(ChannelInputStream.java:74)
	at java.base/sun.nio.ch.ChannelInputStream.read(ChannelInputStream.java:103)
	at java.base/java.io.InputStream.read(InputStream.java:220)
	at java.base/java.util.Properties$LineReader.readLine(Properties.java:504)
	at java.base/java.util.Properties.load0(Properties.java:420)
	at java.base/java.util.Properties.load(Properties.java:409)
	at org.apache.kafka.common.utils.Utils.loadProps(Utils.java:667)
	at kafka.Kafka$.getPropsFromArgs(Kafka.scala:52)
	at kafka.Kafka$.main(Kafka.scala:86)
	at kafka.Kafka.main(Kafka.scala)
[2024-05-31 11:59:14,158] INFO Registered kafka:type=kafka.Log4jController MBean (kafka.utils.Log4jControllerRegistration$)
[2024-05-31 11:59:14,203] ERROR Exiting Kafka due to fatal exception (kafka.Kafka$)
java.io.IOException: Is a directory
	at java.base/sun.nio.ch.UnixFileDispatcherImpl.read0(Native Method)
	at java.base/sun.nio.ch.UnixFileDispatcherImpl.read(UnixFileDispatcherImpl.java:51)
	at java.base/sun.nio.ch.IOUtil.readIntoNativeBuffer(IOUtil.java:340)
	at java.base/sun.nio.ch.IOUtil.read(IOUtil.java:306)
	at java.base/sun.nio.ch.IOUtil.read(IOUtil.java:283)
	at java.base/sun.nio.ch.FileChannelImpl.read(FileChannelImpl.java:234)
	at java.base/sun.nio.ch.ChannelInputStream.read(ChannelInputStream.java:74)
	at java.base/sun.nio.ch.ChannelInputStream.read(ChannelInputStream.java:103)
	at java.base/java.io.InputStream.read(InputStream.java:220)
	at java.base/java.util.Properties$LineReader.readLine(Properties.java:504)
	at java.base/java.util.Properties.load0(Properties.java:420)
	at java.base/java.util.Properties.load(Properties.java:409)
	at org.apache.kafka.common.utils.Utils.loadProps(Utils.java:667)
	at kafka.Kafka$.getPropsFromArgs(Kafka.scala:52)
	at kafka.Kafka$.main(Kafka.scala:86)
	at kafka.Kafka.main(Kafka.scala)
